Source path:... <ipython-input-30-e4664588017b>
Starting var:.. number = 3
14:33:22.480081 call         1 SOURCE IS UNAVAILABLE
14:33:22.481156 line         3 SOURCE IS UNAVAILABLE
New var:....... mat = []
14:33:22.481295 line         4 SOURCE IS UNAVAILABLE
14:33:22.481596 line         5 SOURCE IS UNAVAILABLE
Modified var:.. mat = [0.4808304338438535]
14:33:22.481751 line         6 SOURCE IS UNAVAILABLE
Modified var:.. number = 2
14:33:22.481981 line         4 SOURCE IS UNAVAILABLE
14:33:22.482198 line         5 SOURCE IS UNAVAILABLE
Modified var:.. mat = [0.4808304338438535, -1.0676604854748304]
14:33:22.482332 line         6 SOURCE IS UNAVAILABLE
Modified var:.. number = 1
14:33:22.482590 line         4 SOURCE IS UNAVAILABLE
14:33:22.482891 line         5 SOURCE IS UNAVAILABLE
Modified var:.. mat = [0.4808304338438535, -1.0676604854748304, 0.27332107173997894]
14:33:22.483069 line         6 SOURCE IS UNAVAILABLE
Modified var:.. number = 0
14:33:22.483312 line         4 SOURCE IS UNAVAILABLE
14:33:22.483538 line         7 SOURCE IS UNAVAILABLE
14:33:22.483660 return       7 SOURCE IS UNAVAILABLE
Return value:.. [0.4808304338438535, -1.0676604854748304, 0.27332107173997894]
Source path:... <ipython-input-31-07303f266aac>
Starting var:.. number = 3
14:35:06.207441 call         2 SOURCE IS UNAVAILABLE
14:35:06.231013 line         4 SOURCE IS UNAVAILABLE
New var:....... mat = []
14:35:06.231145 line         5 SOURCE IS UNAVAILABLE
14:35:06.231354 line         6 SOURCE IS UNAVAILABLE
Modified var:.. mat = [1.1489554364975283]
14:35:06.231501 line         7 SOURCE IS UNAVAILABLE
Modified var:.. number = 2
14:35:06.231729 line         5 SOURCE IS UNAVAILABLE
14:35:06.231947 line         6 SOURCE IS UNAVAILABLE
Modified var:.. mat = [1.1489554364975283, 2.6117582095862217]
14:35:06.232079 line         7 SOURCE IS UNAVAILABLE
Modified var:.. number = 1
14:35:06.232340 line         5 SOURCE IS UNAVAILABLE
14:35:06.232639 line         6 SOURCE IS UNAVAILABLE
Modified var:.. mat = [1.1489554364975283, 2.6117582095862217, 0.18974559273477773]
14:35:06.232807 line         7 SOURCE IS UNAVAILABLE
Modified var:.. number = 0
14:35:06.233035 line         5 SOURCE IS UNAVAILABLE
14:35:06.233260 line         8 SOURCE IS UNAVAILABLE
14:35:06.233392 return       8 SOURCE IS UNAVAILABLE
Return value:.. [1.1489554364975283, 2.6117582095862217, 0.18974559273477773]
